c:\users\rachi\desktop\deribit_big\high-performance-trading-system\deribit_oem\goquantoemsapp\x64\debug\vc143.pdb
c:\users\rachi\desktop\deribit_big\high-performance-trading-system\deribit_oem\goquantoemsapp\x64\debug\vc143.idb
c:\users\rachi\desktop\deribit_big\high-performance-trading-system\deribit_oem\goquantoemsapp\x64\debug\web_socket_client.obj
c:\users\rachi\desktop\deribit_big\high-performance-trading-system\deribit_oem\goquantoemsapp\x64\debug\utility_manager.obj
c:\users\rachi\desktop\deribit_big\high-performance-trading-system\deribit_oem\goquantoemsapp\x64\debug\token_manager.obj
c:\users\rachi\desktop\deribit_big\high-performance-trading-system\deribit_oem\goquantoemsapp\x64\debug\order_manager.obj
c:\users\rachi\desktop\deribit_big\high-performance-trading-system\deribit_oem\goquantoemsapp\x64\debug\main.obj
c:\users\rachi\desktop\deribit_big\high-performance-trading-system\deribit_oem\goquantoemsapp\x64\debug\api_credentials.obj
c:\users\rachi\desktop\deribit_big\high-performance-trading-system\deribit_oem\x64\debug\drogon.dll
c:\users\rachi\desktop\deribit_big\high-performance-trading-system\deribit_oem\x64\debug\trantor.dll
c:\users\rachi\desktop\deribit_big\high-performance-trading-system\deribit_oem\x64\debug\libssl-3-x64.dll
c:\users\rachi\desktop\deribit_big\high-performance-trading-system\deribit_oem\x64\debug\libcrypto-3-x64.dll
c:\users\rachi\desktop\deribit_big\high-performance-trading-system\deribit_oem\x64\debug\cares.dll
c:\users\rachi\desktop\deribit_big\high-performance-trading-system\deribit_oem\x64\debug\zlibd1.dll
c:\users\rachi\desktop\deribit_big\high-performance-trading-system\deribit_oem\x64\debug\jsoncpp.dll
c:\users\rachi\desktop\deribit_big\high-performance-trading-system\deribit_oem\x64\debug\brotlidec.dll
c:\users\rachi\desktop\deribit_big\high-performance-trading-system\deribit_oem\x64\debug\brotlicommon.dll
c:\users\rachi\desktop\deribit_big\high-performance-trading-system\deribit_oem\x64\debug\brotlienc.dll
c:\users\rachi\desktop\deribit_big\high-performance-trading-system\deribit_oem\x64\debug\goquantoemsapp.exe
c:\users\rachi\desktop\deribit_big\high-performance-trading-system\deribit_oem\x64\debug\goquantoemsapp.pdb
c:\users\rachi\desktop\deribit_big\high-performance-trading-system\deribit_oem\goquantoemsapp\x64\debug\goquantoemsapp.ilk
c:\users\rachi\desktop\deribit_big\high-performance-trading-system\deribit_oem\goquantoemsapp\x64\debug\goquantoemsapp.tlog\cl.command.1.tlog
c:\users\rachi\desktop\deribit_big\high-performance-trading-system\deribit_oem\goquantoemsapp\x64\debug\goquantoemsapp.tlog\cl.items.tlog
c:\users\rachi\desktop\deribit_big\high-performance-trading-system\deribit_oem\goquantoemsapp\x64\debug\goquantoemsapp.tlog\cl.read.1.tlog
c:\users\rachi\desktop\deribit_big\high-performance-trading-system\deribit_oem\goquantoemsapp\x64\debug\goquantoemsapp.tlog\cl.write.1.tlog
c:\users\rachi\desktop\deribit_big\high-performance-trading-system\deribit_oem\goquantoemsapp\x64\debug\goquantoemsapp.tlog\goquantoemsapp.write.1u.tlog
c:\users\rachi\desktop\deribit_big\high-performance-trading-system\deribit_oem\goquantoemsapp\x64\debug\goquantoemsapp.tlog\link.command.1.tlog
c:\users\rachi\desktop\deribit_big\high-performance-trading-system\deribit_oem\goquantoemsapp\x64\debug\goquantoemsapp.tlog\link.read.1.tlog
c:\users\rachi\desktop\deribit_big\high-performance-trading-system\deribit_oem\goquantoemsapp\x64\debug\goquantoemsapp.tlog\link.secondary.1.tlog
c:\users\rachi\desktop\deribit_big\high-performance-trading-system\deribit_oem\goquantoemsapp\x64\debug\goquantoemsapp.tlog\link.write.1.tlog
